<?xml version="1.0" encoding="UTF-8"?>
<!-- Generated by org.testng.reporters.JUnitReportReporter -->
<testsuite skipped="0" hostname="Anax" name="selenium.xeWebClientAutomation.realEstate.SearchRentAds" tests="3" failures="0" timestamp="23 Jun 2019 20:24:26 GMT" time="39.248" errors="0">
  <testcase name="searchPropertiesToRent" time="6.168" classname="selenium.xeWebClientAutomation.realEstate.SearchRentAds"/>
  <testcase name="searchPropertiesToRentSelectAll" time="18.634" classname="selenium.xeWebClientAutomation.realEstate.SearchRentAds"/>
  <testcase name="searchToRentFillInPriceSQM" time="14.446" classname="selenium.xeWebClientAutomation.realEstate.SearchRentAds"/>
</testsuite> <!-- selenium.xeWebClientAutomation.realEstate.SearchRentAds -->
