<?xml version="1.0" encoding="UTF-8"?>
<!-- Generated by org.testng.reporters.JUnitReportReporter -->
<testsuite skipped="0" hostname="Anax" name="selenium.xeWebClientAutomation.realEstate.VerifySearchPageResults" tests="6" failures="0" timestamp="23 Jun 2019 20:24:26 GMT" time="295.601" errors="0">
  <testcase name="verifySQMResults" time="13.537" classname="selenium.xeWebClientAutomation.realEstate.VerifySearchPageResults"/>
  <testcase name="verifyPriceResults" time="13.751" classname="selenium.xeWebClientAutomation.realEstate.VerifySearchPageResults"/>
  <testcase name="verifyNumberOfPhotos" time="31.418" classname="selenium.xeWebClientAutomation.realEstate.VerifySearchPageResults"/>
  <testcase name="verifyDescPriceSorting" time="22.016" classname="selenium.xeWebClientAutomation.realEstate.VerifySearchPageResults"/>
  <testcase name="verifyPlusAds" time="45.011" classname="selenium.xeWebClientAutomation.realEstate.VerifySearchPageResults"/>
  <testcase name="verifyPhoneButton" time="169.868" classname="selenium.xeWebClientAutomation.realEstate.VerifySearchPageResults"/>
</testsuite> <!-- selenium.xeWebClientAutomation.realEstate.VerifySearchPageResults -->
